INFO:sim:172 - Generating IP...
Applying current project options...
Finished applying current project options.
WARNING:sim - A core named 'image_ram' already exists in the project. Output
   products for this core may be overwritten.
Resolving generics for 'image_ram'...
WARNING:sim - A core named 'image_ram' already exists in the project. Output
   products for this core may be overwritten.
Applying external generics to 'image_ram'...
Delivering associated files for 'image_ram'...
Delivering EJava files for 'image_ram'...
Generating implementation netlist for 'image_ram'...
INFO:sim - Pre-processing HDL files for 'image_ram'...
Running synthesis for 'image_ram'
Running ngcbuild...
Writing VEO instantiation template for 'image_ram'...
Writing Verilog behavioral simulation model for 'image_ram'...
WARNING:sim - Overwriting existing file
   C:/Users/cljchanac/Desktop/ELEC4320_project/ELEC4320_proj/ipcore_dir/tmp/_cg/
   image_ram/doc/blk_mem_gen_v7_3_vinfo.html with file from view
   xilinx_documentation
Delivered 1 file into directory
C:/Users/cljchanac/Desktop/ELEC4320_project/ELEC4320_proj/ipcore_dir/tmp/_cg/ima
ge_ram
Generating ASY schematic symbol...
INFO:sim:949 - Finished generation of ASY schematic symbol.
Generating SYM schematic symbol for 'image_ram'...
Generating metadata file...
Regenerating ISE project file for 'image_ram'...
Generating ISE project...
XCO file found: image_ram.xco
XMDF file found: image_ram_xmdf.tcl
Adding
C:/Users/cljchanac/Desktop/ELEC4320_project/ELEC4320_proj/ipcore_dir/tmp/_cg/ima
ge_ram.asy -view all -origin_type imported
Adding
C:/Users/cljchanac/Desktop/ELEC4320_project/ELEC4320_proj/ipcore_dir/tmp/_cg/ima
ge_ram.ngc -view all -origin_type created
Checking file
"C:/Users/cljchanac/Desktop/ELEC4320_project/ELEC4320_proj/ipcore_dir/tmp/_cg/im
age_ram.ngc" for project device match ...
File
"C:/Users/cljchanac/Desktop/ELEC4320_project/ELEC4320_proj/ipcore_dir/tmp/_cg/im
age_ram.ngc" device information matches project device.
Adding
C:/Users/cljchanac/Desktop/ELEC4320_project/ELEC4320_proj/ipcore_dir/tmp/_cg/ima
ge_ram.sym -view all -origin_type imported
Adding
C:/Users/cljchanac/Desktop/ELEC4320_project/ELEC4320_proj/ipcore_dir/tmp/_cg/ima
ge_ram.v -view all -origin_type created
INFO:HDLCompiler:1845 - Analyzing Verilog file
   "C:/Users/cljchanac/Desktop/ELEC4320_project/ELEC4320_proj/ipcore_dir/tmp/_cg
   /image_ram.v" into library work
INFO:ProjectMgmt - Parsing design hierarchy completed successfully.
Adding
C:/Users/cljchanac/Desktop/ELEC4320_project/ELEC4320_proj/ipcore_dir/tmp/_cg/ima
ge_ram.veo -view all -origin_type imported
INFO:TclTasksC:2116 - The automatic calculation of top has been turned-off.
   Please set the new top explicitly by running the "project set top" command.
   To re-calculate the new top automatically, set the "Auto Implementation Top"
   property to true.
Top level has been set to "/image_ram"
Generating README file...
Generating FLIST file...
INFO:sim:948 - Finished FLIST file generation.
Launching README viewer...
Moving files to output directory...
Finished moving files to output directory
Wrote CGP file for project 'image_ram'.
