INFO-FLOW: Workspace /home/cljchanac/Documents/lab4b/hls/matmult/unroll opened at Mon Nov 25 20:25:27 HKT 2019
Execute     config_clock -quiet -name default -period 10 -default=false 
INFO: [SYN 201-201] Setting up clock 'default' with a period of 10ns.
WARNING: [HLS 200-40] Cannot find library '/tools/Xilinx/Vivado/2019.2/common/technology/xilinx/qartix7/qartix7.lib'.
WARNING: [HLS 200-40] Cannot find library 'xilinx/qartix7/qartix7'.
Execute     set_part xq7a200trs484-2I 
Execute       ap_part_info -name xq7a200trs484-2I -data single -quiet 
Command       ap_part_info done; 1.85 sec.
Execute       ap_part_info -name xq7a200trs484-2I -data info 
Execute       add_library xilinx/artix7/artix7:xq7a200t:-rs484:-2I 
Execute         get_default_platform 
Execute         open_platform DefaultPlatform 
Execute         import_lib /tools/Xilinx/Vivado/2019.2/common/technology/xilinx/artix7/artix7 
Execute           source /tools/Xilinx/Vivado/2019.2/common/technology/xilinx/common/xilinx.lib 
Execute             source /tools/Xilinx/Vivado/2019.2/common/technology/xilinx/interface/xilinx_interface.lib 
Execute               source /tools/Xilinx/Vivado/2019.2/common/technology/xilinx/interface/plb46.lib 
Execute               source /tools/Xilinx/Vivado/2019.2/common/technology/xilinx/interface/fsl.lib 
Execute               source /tools/Xilinx/Vivado/2019.2/common/technology/xilinx/interface/axi4.lib 
Execute               source /tools/Xilinx/Vivado/2019.2/common/technology/xilinx/interface/maxi.lib 
Execute               source /tools/Xilinx/Vivado/2019.2/common/technology/xilinx/interface/saxilite.lib 
Execute             source /tools/Xilinx/Vivado/2019.2/common/technology/xilinx/common/dsp48.lib 
Execute             source /tools/Xilinx/Vivado/2019.2/common/technology/xilinx/ip/xfir.lib 
Execute             source /tools/Xilinx/Vivado/2019.2/common/technology/xilinx/ip/xfft.lib 
Execute             source /tools/Xilinx/Vivado/2019.2/common/technology/xilinx/ip/dds_compiler.lib 
Execute           source /tools/Xilinx/Vivado/2019.2/common/technology/xilinx/common/xilinx.hlp 
Execute             source /tools/Xilinx/Vivado/2019.2/common/technology/xilinx/common/target_info.tcl 
Execute             source /tools/Xilinx/Vivado/2019.2/common/technology/xilinx/interface/xilinx_interface.hlp 
Execute               source /tools/Xilinx/Vivado/2019.2/common/technology/xilinx/interface/maxi.hlp 
Execute               source /tools/Xilinx/Vivado/2019.2/common/technology/xilinx/interface/saxilite.hlp 
Execute             source /tools/Xilinx/Vivado/2019.2/common/technology/xilinx/common/dsp48.hlp 
Execute           source /tools/Xilinx/Vivado/2019.2/common/technology/xilinx/artix7/dsp48e1.hlp 
Execute           source /tools/Xilinx/Vivado/2019.2/common/technology/xilinx/common/xilinx.hlp 
Execute             source /tools/Xilinx/Vivado/2019.2/common/technology/xilinx/common/target_info.tcl 
Execute             source /tools/Xilinx/Vivado/2019.2/common/technology/xilinx/interface/xilinx_interface.hlp 
Execute               source /tools/Xilinx/Vivado/2019.2/common/technology/xilinx/interface/maxi.hlp 
Execute               source /tools/Xilinx/Vivado/2019.2/common/technology/xilinx/interface/saxilite.hlp 
Execute             source /tools/Xilinx/Vivado/2019.2/common/technology/xilinx/common/dsp48.hlp 
Execute         source /tools/Xilinx/Vivado/2019.2/common/technology/xilinx/artix7/artix7.gen 
Execute           source /tools/Xilinx/Vivado/2019.2/common/technology/xilinx/common/xilinx.gen 
Execute             source /tools/Xilinx/Vivado/2019.2/common/technology/xilinx/interface/plb46.gen 
Execute             source /tools/Xilinx/Vivado/2019.2/common/technology/xilinx/interface/fsl.gen 
Execute             source /tools/Xilinx/Vivado/2019.2/common/technology/xilinx/interface/axi4.gen 
Execute             source /tools/Xilinx/Vivado/2019.2/common/technology/xilinx/interface/nativeAXI4.gen 
Execute               source /tools/Xilinx/Vivado/2019.2/common/technology/xilinx/interface/saxilite.gen 
Execute               source /tools/Xilinx/Vivado/2019.2/common/technology/xilinx/interface/maxi.gen 
Execute             source /tools/Xilinx/Vivado/2019.2/common/technology/xilinx/scripts/xilinxcoregen.gen 
Execute             source /tools/Xilinx/Vivado/2019.2/common/technology/xilinx/interface/XilEDKCoreGen.gen 
Execute             source /tools/Xilinx/Vivado/2019.2/common/technology/xilinx/ip/dds_compiler.gen 
Execute             source /tools/Xilinx/Vivado/2019.2/common/technology/xilinx/ip/util.gen 
Execute             source /tools/Xilinx/Vivado/2019.2/common/technology/xilinx/ip/xfft.gen 
Execute             source /tools/Xilinx/Vivado/2019.2/common/technology/xilinx/ip/xfir.gen 
Execute             source /tools/Xilinx/Vivado/2019.2/common/technology/xilinx/common/dsp48.gen 
Execute         ap_part_info -data single -name xq7a200t-rs484-2I 
Execute         ap_part_info -name xq7a200t-rs484-2I -data resources 
Execute         ap_part_info -name xq7a200t-rs484-2I -data info 
Execute         ap_part_info -name xq7a200t-rs484-2I -data info 
Execute         config_chip_info -quiet -resource {SLICE 33650} {LUT 134600} {FF 269200} {DSP48E 740} {BRAM 730} {URAM 0} 
Execute         ap_part_info -name xq7a200t-rs484-2I -data info 
Execute         config_chip_info -quiet -speed medium 
Command       add_library done; 0.15 sec.
Execute       add_library xilinx/artix7/artix7_fpv6 
Execute         get_default_platform 
Execute         open_platform DefaultPlatform 
Execute         import_lib /tools/Xilinx/Vivado/2019.2/common/technology/xilinx/artix7/artix7_fpv6 
Execute           source /tools/Xilinx/Vivado/2019.2/common/technology/xilinx/common/xilinx_fp.lib 
Execute           source /tools/Xilinx/Vivado/2019.2/common/technology/xilinx/common/xilinx_fp.hlp 
Execute             source /tools/Xilinx/Vivado/2019.2/common/technology/xilinx/common/xilinx.hlp 
Execute               source /tools/Xilinx/Vivado/2019.2/common/technology/xilinx/common/target_info.tcl 
Execute               source /tools/Xilinx/Vivado/2019.2/common/technology/xilinx/interface/xilinx_interface.hlp 
Execute                 source /tools/Xilinx/Vivado/2019.2/common/technology/xilinx/interface/maxi.hlp 
Execute                 source /tools/Xilinx/Vivado/2019.2/common/technology/xilinx/interface/saxilite.hlp 
Execute               source /tools/Xilinx/Vivado/2019.2/common/technology/xilinx/common/dsp48.hlp 
Execute         source /tools/Xilinx/Vivado/2019.2/common/technology/xilinx/artix7/artix7_fpv6.gen 
Execute           source /tools/Xilinx/Vivado/2019.2/common/technology/xilinx/common/xilinx_fp.gen 
INFO: [HLS 200-10] Setting target device to 'xq7a200t-rs484-2I'
Execute       ap_part_info -name xq7a200t-rs484-2I -data info 
Execute       get_default_platform 
Command     set_part done; 2.1 sec.
Execute     ap_part_info -data single -name xq7a200trs484-2I 
Execute     ap_part_info -name xq7a200trs484-2I -data resources 
Execute     ap_part_info -name xq7a200trs484-2I -data info 
Execute     ap_part_info -name xq7a200trs484-2I -data info 
Execute     config_chip_info -quiet -resource {SLICE 33650} {LUT 134600} {FF 269200} {DSP48E 740} {BRAM 730} {URAM 0} 
Execute     ap_part_info -name xq7a200trs484-2I -data info 
Execute     config_chip_info -quiet -speed medium 
Execute     config_export -format=ip_catalog 
Execute     config_export -rtl=verilog 
Command   open_solution done; 2.15 sec.
Execute   set_part xq7a200trs484-2I 
Execute     ap_part_info -name xq7a200trs484-2I -data single -quiet 
Execute     ap_part_info -name xq7a200trs484-2I -data info 
Execute     add_library xilinx/artix7/artix7:xq7a200t:-rs484:-2I 
Execute       get_default_platform 
Execute       open_platform DefaultPlatform 
Execute       import_lib /tools/Xilinx/Vivado/2019.2/common/technology/xilinx/artix7/artix7 
Execute         source /tools/Xilinx/Vivado/2019.2/common/technology/xilinx/common/xilinx.lib 
Execute           source /tools/Xilinx/Vivado/2019.2/common/technology/xilinx/interface/xilinx_interface.lib 
Execute             source /tools/Xilinx/Vivado/2019.2/common/technology/xilinx/interface/plb46.lib 
Execute             source /tools/Xilinx/Vivado/2019.2/common/technology/xilinx/interface/fsl.lib 
Execute             source /tools/Xilinx/Vivado/2019.2/common/technology/xilinx/interface/axi4.lib 
Execute             source /tools/Xilinx/Vivado/2019.2/common/technology/xilinx/interface/maxi.lib 
Execute             source /tools/Xilinx/Vivado/2019.2/common/technology/xilinx/interface/saxilite.lib 
Execute           source /tools/Xilinx/Vivado/2019.2/common/technology/xilinx/common/dsp48.lib 
Execute           source /tools/Xilinx/Vivado/2019.2/common/technology/xilinx/ip/xfir.lib 
Execute           source /tools/Xilinx/Vivado/2019.2/common/technology/xilinx/ip/xfft.lib 
Execute           source /tools/Xilinx/Vivado/2019.2/common/technology/xilinx/ip/dds_compiler.lib 
Execute         source /tools/Xilinx/Vivado/2019.2/common/technology/xilinx/common/xilinx.hlp 
Execute           source /tools/Xilinx/Vivado/2019.2/common/technology/xilinx/common/target_info.tcl 
Execute           source /tools/Xilinx/Vivado/2019.2/common/technology/xilinx/interface/xilinx_interface.hlp 
Execute             source /tools/Xilinx/Vivado/2019.2/common/technology/xilinx/interface/maxi.hlp 
Execute             source /tools/Xilinx/Vivado/2019.2/common/technology/xilinx/interface/saxilite.hlp 
Execute           source /tools/Xilinx/Vivado/2019.2/common/technology/xilinx/common/dsp48.hlp 
Execute         source /tools/Xilinx/Vivado/2019.2/common/technology/xilinx/artix7/dsp48e1.hlp 
Execute         source /tools/Xilinx/Vivado/2019.2/common/technology/xilinx/common/xilinx.hlp 
Execute           source /tools/Xilinx/Vivado/2019.2/common/technology/xilinx/common/target_info.tcl 
Execute           source /tools/Xilinx/Vivado/2019.2/common/technology/xilinx/interface/xilinx_interface.hlp 
Execute             source /tools/Xilinx/Vivado/2019.2/common/technology/xilinx/interface/maxi.hlp 
Execute             source /tools/Xilinx/Vivado/2019.2/common/technology/xilinx/interface/saxilite.hlp 
Execute           source /tools/Xilinx/Vivado/2019.2/common/technology/xilinx/common/dsp48.hlp 
Execute       source /tools/Xilinx/Vivado/2019.2/common/technology/xilinx/artix7/artix7.gen 
Execute         source /tools/Xilinx/Vivado/2019.2/common/technology/xilinx/common/xilinx.gen 
Execute           source /tools/Xilinx/Vivado/2019.2/common/technology/xilinx/interface/plb46.gen 
Execute           source /tools/Xilinx/Vivado/2019.2/common/technology/xilinx/interface/fsl.gen 
Execute           source /tools/Xilinx/Vivado/2019.2/common/technology/xilinx/interface/axi4.gen 
Execute           source /tools/Xilinx/Vivado/2019.2/common/technology/xilinx/interface/nativeAXI4.gen 
Execute             source /tools/Xilinx/Vivado/2019.2/common/technology/xilinx/interface/saxilite.gen 
Execute             source /tools/Xilinx/Vivado/2019.2/common/technology/xilinx/interface/maxi.gen 
Execute           source /tools/Xilinx/Vivado/2019.2/common/technology/xilinx/scripts/xilinxcoregen.gen 
Execute           source /tools/Xilinx/Vivado/2019.2/common/technology/xilinx/interface/XilEDKCoreGen.gen 
Execute           source /tools/Xilinx/Vivado/2019.2/common/technology/xilinx/ip/dds_compiler.gen 
Execute           source /tools/Xilinx/Vivado/2019.2/common/technology/xilinx/ip/util.gen 
Execute           source /tools/Xilinx/Vivado/2019.2/common/technology/xilinx/ip/xfft.gen 
Execute           source /tools/Xilinx/Vivado/2019.2/common/technology/xilinx/ip/xfir.gen 
Execute           source /tools/Xilinx/Vivado/2019.2/common/technology/xilinx/common/dsp48.gen 
Execute       ap_part_info -data single -name xq7a200t-rs484-2I 
Execute       ap_part_info -name xq7a200t-rs484-2I -data resources 
Execute       ap_part_info -name xq7a200t-rs484-2I -data info 
Execute       ap_part_info -name xq7a200t-rs484-2I -data info 
Execute       config_chip_info -quiet -resource {SLICE 33650} {LUT 134600} {FF 269200} {DSP48E 740} {BRAM 730} {URAM 0} 
Execute       ap_part_info -name xq7a200t-rs484-2I -data info 
Execute       config_chip_info -quiet -speed medium 
Command     add_library done; 0.15 sec.
Execute     add_library xilinx/artix7/artix7_fpv6 
Execute       get_default_platform 
Execute       open_platform DefaultPlatform 
Execute       import_lib /tools/Xilinx/Vivado/2019.2/common/technology/xilinx/artix7/artix7_fpv6 
Execute         source /tools/Xilinx/Vivado/2019.2/common/technology/xilinx/common/xilinx_fp.lib 
Execute         source /tools/Xilinx/Vivado/2019.2/common/technology/xilinx/common/xilinx_fp.hlp 
Execute           source /tools/Xilinx/Vivado/2019.2/common/technology/xilinx/common/xilinx.hlp 
Execute             source /tools/Xilinx/Vivado/2019.2/common/technology/xilinx/common/target_info.tcl 
Execute             source /tools/Xilinx/Vivado/2019.2/common/technology/xilinx/interface/xilinx_interface.hlp 
Execute               source /tools/Xilinx/Vivado/2019.2/common/technology/xilinx/interface/maxi.hlp 
Execute               source /tools/Xilinx/Vivado/2019.2/common/technology/xilinx/interface/saxilite.hlp 
Execute             source /tools/Xilinx/Vivado/2019.2/common/technology/xilinx/common/dsp48.hlp 
Execute       source /tools/Xilinx/Vivado/2019.2/common/technology/xilinx/artix7/artix7_fpv6.gen 
Execute         source /tools/Xilinx/Vivado/2019.2/common/technology/xilinx/common/xilinx_fp.gen 
Execute     ap_part_info -name xq7a200t-rs484-2I -data info 
Execute     get_default_platform 
Command   set_part done; 0.25 sec.
Execute   create_clock -period 10 -name default 
Execute     config_clock -quiet -name default -period 10 -default=false 
INFO: [SYN 201-201] Setting up clock 'default' with a period of 10ns.
Execute   config_export -format ip_catalog -rtl verilog 
Execute   source ./matmult/unroll/directives.tcl 
Execute     set_directive_unroll matmult/matmult_label0 
INFO-FLOW: Setting directive 'UNROLL' 
Execute   csynth_design 
Execute     get_config_compile -dump_cfg 
Execute     get_config_compile -effort 
Execute     get_config_compile -enable_clang39 
Execute     get_config_compile -g 
Execute     get_config_compile -ng 
Execute     get_config_compile -opt_fp 
Execute     get_config_compile -skip_cdt 
Execute     get_config_compile -skip_syncheck 
Execute     get_config_compile -skip_transform 
Execute     get_config_compile -keep_printf 
Execute     elaborate -effort=medium -skip_syncheck=0 -keep_printf=0 -skip_cdt=0 -skip_transform=0 -ng=0 -g=0 -opt_fp=0 -from_csynth_design=1 
Execute       get_config_schedule -relax_ii_for_timing 
INFO: [SCHED 204-61] Option 'relax_ii_for_timing' is enabled, will increase II to preserve clock frequency constraints.
Execute       get_config_schedule -suppress_dependence_error_break 
INFO: [HLS 200-10] Analyzing design file '../../src_4b/matmult.c' ... 
INFO-FLOW: Compiling one TU...
Execute       is_m_axi_addr64 
INFO-FLOW: Handling ../../src_4b/matmult.c as C
Execute       ap_part_info -name xq7a200t-rs484-2I -data info 
Execute       is_encrypted ../../src_4b/matmult.c 
INFO-FLOW: Running: GCC PP
INFO-FLOW: Source preprocessing
Execute       clang  -fno-limit-debug-info -gcc-toolchain "/tools/Xilinx/Vivado/2019.2/lnx64/tools/gcc" -hls  -fno-exceptions  -D__llvm__  -E "../../src_4b/matmult.c"     -fno-math-errno -c -emit-llvm -O0  -mllvm -disable-llvm-optzns -std=gnu89   -DAESL_SYN -D__SYNTHESIS__ -D__HLS_SYN__ -I "/tools/Xilinx/Vivado/2019.2/common/technology/autopilot" -I "/tools/Xilinx/Vivado/2019.2/common/technology/autopilot/ap_sysc" -include etc/autopilot_ssdm_op.h -D__DSP48E1__  -o "/home/cljchanac/Documents/lab4b/hls/matmult/unroll/.autopilot/db/matmult.pp.0.c" 
INFO-FLOW: exec /tools/Xilinx/Vivado/2019.2/lnx64/tools/clang/bin/clang -fno-limit-debug-info -gcc-toolchain /tools/Xilinx/Vivado/2019.2/lnx64/tools/gcc -hls -fno-exceptions -D__llvm__ -E ../../src_4b/matmult.c -fno-math-errno -c -emit-llvm -O0 -mllvm -disable-llvm-optzns -std=gnu89 -DAESL_SYN -D__SYNTHESIS__ -D__HLS_SYN__ -I /tools/Xilinx/Vivado/2019.2/common/technology/autopilot -I /tools/Xilinx/Vivado/2019.2/common/technology/autopilot/ap_sysc -include etc/autopilot_ssdm_op.h -D__DSP48E1__ -o /home/cljchanac/Documents/lab4b/hls/matmult/unroll/.autopilot/db/matmult.pp.0.c
Command       clang done; 1.69 sec.
Execute       tidy_31 xilinx-xfmat-array-geometry /home/cljchanac/Documents/lab4b/hls/matmult/unroll/.autopilot/db/matmult.pp.0.c std=gnu89 
INFO-FLOW: exec /tools/Xilinx/Vivado/2019.2/lnx64/tools/clang-3.9-csynth/bin/tidy-3.1 -header-filter=.* -checks=-*,xilinx-xfmat-array-geometry -quiet -fix /home/cljchanac/Documents/lab4b/hls/matmult/unroll/.autopilot/db/matmult.pp.0.c -- -std=gnu89 -fhls -ferror-limit=0
INFO-FLOW: Syntax Checking before pre-processing...
Execute       clang -syntaxcheck -src /home/cljchanac/Documents/lab4b/hls/matmult/unroll/.autopilot/db/matmult.pp.0.c  -fno-limit-debug-info -gcc-toolchain "/tools/Xilinx/Vivado/2019.2/lnx64/tools/gcc" -hls    -fno-math-errno -c -emit-llvm -O0  -mllvm -disable-llvm-optzns -std=gnu89   -DAESL_SYN -D__SYNTHESIS__ -D__HLS_SYN__ -I "/tools/Xilinx/Vivado/2019.2/common/technology/autopilot" -I "/tools/Xilinx/Vivado/2019.2/common/technology/autopilot/ap_sysc" -include etc/autopilot_ssdm_op.h -D__DSP48E1__  "/home/cljchanac/Documents/lab4b/hls/matmult/unroll/.autopilot/db/matmult.pp.0.c"  -o "/home/cljchanac/Documents/lab4b/hls/matmult/unroll/.autopilot/db/useless.bc"  
INFO-FLOW: exec /tools/Xilinx/Vivado/2019.2/lnx64/tools/clang/bin/clang -fno-limit-debug-info -gcc-toolchain /tools/Xilinx/Vivado/2019.2/lnx64/tools/gcc -hls -fno-math-errno -c -emit-llvm -O0 -mllvm -disable-llvm-optzns -std=gnu89 -DAESL_SYN -D__SYNTHESIS__ -D__HLS_SYN__ -I /tools/Xilinx/Vivado/2019.2/common/technology/autopilot -I /tools/Xilinx/Vivado/2019.2/common/technology/autopilot/ap_sysc -include etc/autopilot_ssdm_op.h -D__DSP48E1__ /home/cljchanac/Documents/lab4b/hls/matmult/unroll/.autopilot/db/matmult.pp.0.c -o /home/cljchanac/Documents/lab4b/hls/matmult/unroll/.autopilot/db/useless.bc
Command       clang done; 1.68 sec.
INFO-FLOW: Done: GCC PP time: 3.4 seconds per iteration
INFO-FLOW: Setting directive 'UNROLL' 
Execute       source /tools/Xilinx/Vivado/2019.2/tps/tcl/tcllib1.11.1/yaml/huddle.tcl 
Execute       source /tools/Xilinx/Vivado/2019.2/tps/tcl/tcllib1.11.1/yaml/json2huddle.tcl 
Execute         source /tools/Xilinx/Vivado/2019.2/tps/tcl/tcllib1.11.1/try/try.tcl 
INFO-FLOW: Setting directive 'UNROLL' 
Execute       list_core -type functional_unit 
Execute       tidy_31 xilinx-systemc-detector /home/cljchanac/Documents/lab4b/hls/matmult/unroll/.autopilot/db/matmult.pp.0.c std=gnu89 -directive=/home/cljchanac/Documents/lab4b/hls/matmult/unroll/.autopilot/db/.systemc_flag 
INFO-FLOW: exec /tools/Xilinx/Vivado/2019.2/lnx64/tools/clang-3.9-csynth/bin/tidy-3.1 -header-filter=.* -checks=-*,xilinx-systemc-detector -import-directive=/home/cljchanac/Documents/lab4b/hls/matmult/unroll/.autopilot/db/.systemc_flag -quiet -fix-errors /home/cljchanac/Documents/lab4b/hls/matmult/unroll/.autopilot/db/matmult.pp.0.c -- -std=gnu89 -fhls -ferror-limit=0
INFO-FLOW: Running: tidy-3.1 CDT preprocess
Execute       tidy_31 xilinx-directive2pragma /home/cljchanac/Documents/lab4b/hls/matmult/unroll/.autopilot/db/matmult.pp.0.c std=gnu89 -directive=/home/cljchanac/Documents/lab4b/hls/matmult/unroll/.autopilot/db/all.directive.json 
INFO-FLOW: exec /tools/Xilinx/Vivado/2019.2/lnx64/tools/clang-3.9-csynth/bin/tidy-3.1 -header-filter=.* -checks=-*,xilinx-directive2pragma -import-directive=/home/cljchanac/Documents/lab4b/hls/matmult/unroll/.autopilot/db/all.directive.json -quiet -fix-errors /home/cljchanac/Documents/lab4b/hls/matmult/unroll/.autopilot/db/matmult.pp.0.c -- -std=gnu89 -fhls -ferror-limit=0
Execute       get_config_dataflow -strict_mode 
Execute       ap_eval exec -ignorestderr /tools/Xilinx/Vivado/2019.2/lnx64/tools/clang-3.9-csynth/bin/xilinx-dataflow-lawyer -export-fixes=/home/cljchanac/Documents/lab4b/hls/matmult/unroll/.autopilot/db/xilinx-dataflow-lawyer.matmult.pp.0.c.diag.yml /home/cljchanac/Documents/lab4b/hls/matmult/unroll/.autopilot/db/matmult.pp.0.c -- -std=gnu99 -fhls -ferror-limit=0 -fstrict-dataflow > /home/cljchanac/Documents/lab4b/hls/matmult/unroll/.autopilot/db/xilinx-dataflow-lawyer.matmult.pp.0.c.out.log 2> /home/cljchanac/Documents/lab4b/hls/matmult/unroll/.autopilot/db/xilinx-dataflow-lawyer.matmult.pp.0.c.err.log 
Execute       tidy_31 -errorcheck xilinx-constantarray-param,xilinx-resource-pragma-transformer,xilinx-xfmat-array-geometry /home/cljchanac/Documents/lab4b/hls/matmult/unroll/.autopilot/db/matmult.pp.0.c std=gnu89 
Execute         ap_eval exec -ignorestderr /tools/Xilinx/Vivado/2019.2/lnx64/tools/clang-3.9-csynth/bin/tidy-3.1 -export-fixes=/home/cljchanac/Documents/lab4b/hls/matmult/unroll/.autopilot/db/tidy-3.1.matmult.pp.0.c.diag.yml -header-filter=.* -checks=-*,xilinx-constantarray-param,xilinx-resource-pragma-transformer,xilinx-xfmat-array-geometry -quiet -fix-errors /home/cljchanac/Documents/lab4b/hls/matmult/unroll/.autopilot/db/matmult.pp.0.c -- -std=gnu89 -fhls -ferror-limit=0 > /home/cljchanac/Documents/lab4b/hls/matmult/unroll/.autopilot/db/tidy-3.1.matmult.pp.0.c.out.log 2> /home/cljchanac/Documents/lab4b/hls/matmult/unroll/.autopilot/db/tidy-3.1.matmult.pp.0.c.err.log 
Execute         source /tools/Xilinx/Vivado/2019.2/tps/tcl/tcllib1.11.1/yaml/yaml.tcl 
Execute           source /tools/Xilinx/Vivado/2019.2/tps/tcl/tcllib1.11.1/cmdline/cmdline.tcl 
Execute         ap_eval exec -ignorestderr /tools/Xilinx/Vivado/2019.2/lnx64/tools/clang-3.9-csynth/bin/xilinx-legacy-rewriter /home/cljchanac/Documents/lab4b/hls/matmult/unroll/.autopilot/db/matmult.pp.0.c -- -std=gnu89 -fhls -ferror-limit=0 > /home/cljchanac/Documents/lab4b/hls/matmult/unroll/.autopilot/db/xilinx-legacy-rewriter.matmult.pp.0.c.out.log 2> /home/cljchanac/Documents/lab4b/hls/matmult/unroll/.autopilot/db/xilinx-legacy-rewriter.matmult.pp.0.c.err.log 
INFO-FLOW: Done: tidy-3.1 CDT preprocess time: 0.1 seconds per iteration
INFO-FLOW: Pragma Handling...
Execute       tidy_31 xilinx-ssdm-intrinsics-arguments /home/cljchanac/Documents/lab4b/hls/matmult/unroll/.autopilot/db/matmult.pragma.1.c std=gnu89 
INFO-FLOW: exec /tools/Xilinx/Vivado/2019.2/lnx64/tools/clang-3.9-csynth/bin/tidy-3.1 -header-filter=.* -checks=-*,xilinx-ssdm-intrinsics-arguments -quiet -fix-errors /home/cljchanac/Documents/lab4b/hls/matmult/unroll/.autopilot/db/matmult.pragma.1.c -- -std=gnu89 -fhls -ferror-limit=0
Execute       ap_part_info -name xq7a200t-rs484-2I -data info 
INFO-FLOW: Processing labels
Execute       clang -src /home/cljchanac/Documents/lab4b/hls/matmult/unroll/.autopilot/db/matmult.pragma.2.c  -fno-limit-debug-info -gcc-toolchain /tools/Xilinx/Vivado/2019.2/lnx64/tools/gcc -hls -hls-analyze-label -hls-analyze-pragma -fno-exceptions  -D__llvm__  -w  "/home/cljchanac/Documents/lab4b/hls/matmult/unroll/.autopilot/db/matmult.pragma.2.c"    -fno-math-errno -c -emit-llvm -O0  -mllvm -disable-llvm-optzns -std=gnu89  -DAESL_SYN -D__SYNTHESIS__ -D__HLS_SYN__ -I "/tools/Xilinx/Vivado/2019.2/common/technology/autopilot" -I "/tools/Xilinx/Vivado/2019.2/common/technology/autopilot/ap_sysc" -include etc/autopilot_ssdm_op.h -D__DSP48E1__ -g -o "/home/cljchanac/Documents/lab4b/hls/matmult/unroll/.autopilot/db/matmult.bc" 
INFO-FLOW: exec /tools/Xilinx/Vivado/2019.2/lnx64/tools/clang/bin/clang -fno-limit-debug-info -gcc-toolchain /tools/Xilinx/Vivado/2019.2/lnx64/tools/gcc -hls -hls-analyze-label -hls-analyze-pragma -fno-exceptions -D__llvm__ -w /home/cljchanac/Documents/lab4b/hls/matmult/unroll/.autopilot/db/matmult.pragma.2.c -fno-math-errno -c -emit-llvm -O0 -mllvm -disable-llvm-optzns -std=gnu89 -DAESL_SYN -D__SYNTHESIS__ -D__HLS_SYN__ -I /tools/Xilinx/Vivado/2019.2/common/technology/autopilot -I /tools/Xilinx/Vivado/2019.2/common/technology/autopilot/ap_sysc -include etc/autopilot_ssdm_op.h -D__DSP48E1__ -g -o /home/cljchanac/Documents/lab4b/hls/matmult/unroll/.autopilot/db/matmult.bc
Command       clang done; 1.7 sec.
INFO-FLOW: Linking Debug ...
Execute       llvm-ld /home/cljchanac/Documents/lab4b/hls/matmult/unroll/.autopilot/db/matmult.g.bc -hls-opt -except-internalize matmult -L/tools/Xilinx/Vivado/2019.2/lnx64/lib -lhlsm -lhlsmc++ -o /home/cljchanac/Documents/lab4b/hls/matmult/unroll/.autopilot/db/a.g 
Command       llvm-ld done; 0.85 sec.
INFO: [HLS 200-111] Finished Linking Time (s): cpu = 00:00:08 ; elapsed = 00:00:09 . Memory (MB): peak = 993.156 ; gain = 463.164 ; free physical = 1217 ; free virtual = 12632
INFO: [HLS 200-111] Finished Checking Pragmas Time (s): cpu = 00:00:08 ; elapsed = 00:00:09 . Memory (MB): peak = 993.156 ; gain = 463.164 ; free physical = 1217 ; free virtual = 12632
Execute       get_config_sdx -target 
Execute       opt_and_import_c a -opt_level=2 -skip_syncheck=0 -ng=0 -keep_printf=0 
Execute         cleanup_all_models 
INFO: [HLS 200-10] Starting code transformations ...
Execute         transform -promote-dbg-pointer /home/cljchanac/Documents/lab4b/hls/matmult/unroll/.autopilot/db/a.pp.bc -o /home/cljchanac/Documents/lab4b/hls/matmult/unroll/.autopilot/db/a.pp.0.bc -f 
Execute         llvm-ld /home/cljchanac/Documents/lab4b/hls/matmult/unroll/.autopilot/db/a.pp.0.bc -disable-opt -L/tools/Xilinx/Vivado/2019.2/lnx64/lib -lfloatconversion -o /home/cljchanac/Documents/lab4b/hls/matmult/unroll/.autopilot/db/a.g.0 
Command         llvm-ld done; 0.84 sec.
INFO-FLOW: Running Standard Transforms...
Execute         transform -hls -share-std-xform -demangle-name -inline-byval-memcpy -always-inline -promote-dbg-pointer -interface-preproc -mem2reg -scalarrepl -mem2reg -keep-read-access -instcombine -dce -promote-dbg-pointer -bitop-raise -loop-simplify -indvarspre -indvars -loop-simplify -xunroll -constprop -instcombine -simplifycfg -indvars -simplifycfg -dce -globaldce -basicaa -simplifycfg -mem2reg -globalopt -global-constprop -deadargelim -instcombine -simplifycfg -prune-eh -simplifycfg -scalarrepl -instcombine -reassociate -licm -simplifycfg -loop-simplify -indvars -instcombine -simplifycfg -mem2reg -loop-simplify -indvars -instcombine -gvn -gvn -instcombine -adce -break-crit-edges -simplifycfg -loop-delete -global-array-opt -dce -dse -adce -find-syn-modules -top matmult -deadargelim -mem2reg -instcombine -dce -presyn-prepare -auto-rom-infer -interface-preproc -syn-check -check-rec-only -find-region -simplifycfg -func-extr -function-inline -globaldce -mem2reg -instcombine -dce -gvn -globaldce -adce -adse -constprop -instcombine -bit-constprop -instcombine -dce -simplifycfg -bitop-raise -simplifycfg -dce -loop-delete -reassociate -globalopt -global-privatize -mem2reg -dce -global-constprop -pointer-simplify -constprop -dce -func-inst -deadargelim -auto-shift-reg-idiom -promote-dbg-pointer -norm-name /home/cljchanac/Documents/lab4b/hls/matmult/unroll/.autopilot/db/a.g.0.bc -o /home/cljchanac/Documents/lab4b/hls/matmult/unroll/.autopilot/db/a.g.1.bc -f -phase std-opt 
INFO: [HLS 200-111] Finished Standard Transforms Time (s): cpu = 00:00:09 ; elapsed = 00:00:10 . Memory (MB): peak = 993.156 ; gain = 463.164 ; free physical = 1217 ; free virtual = 12632
INFO: [HLS 200-10] Checking synthesizability ...
INFO-FLOW: Checking Synthesizability 1/2..
Execute         transform -hls -syn-check -check-rec-only -disaggr -scalarrepl -norm-name -dce -mem2reg -instcombine -function-uniquify -directive-preproc -mem2reg -dse -dce -auto-rom-infer -dce -pag -array-normalize -instcombine -dce -warn-fifo-pointer -array-seg-normalize -instcombine -dce -array-flatten -instcombine -dce -array-burst -dce -deadargelim -promote-global-argument -simplifycfg -mem2reg -globaldce -dce -deadargelim -dce -instcombine -function-inline -globaldce -dce -doublePtrSimplify -doublePtrElim -dce -doublePtrSimplify -promote-dbg-pointer -dce -scalarrepl -dse -adse -instcombine -ptrLegalization -simplifycfg -dce -instcombine -pointer-simplify -ptrArgReplace -dce -instcombine -resolve-double-ptr -disaggr -scalarrepl -norm-name -dce -mem2reg -instcombine -ptrLegalization -simplifycfg -deadargelim -instcombine -dce -inst-simplify -function-uniquify -directive-preproc -mem2reg -dse -dce -globaldce -check-dspbuiltin /home/cljchanac/Documents/lab4b/hls/matmult/unroll/.autopilot/db/a.g.1.bc -o /home/cljchanac/Documents/lab4b/hls/matmult/unroll/.autopilot/db/a.g.2.prechk.bc -f 
INFO-FLOW: Checking Synthesizability 2/2..
Execute         transform -syn-check /home/cljchanac/Documents/lab4b/hls/matmult/unroll/.autopilot/db/a.g.2.prechk.bc -o /home/cljchanac/Documents/lab4b/hls/matmult/unroll/.autopilot/db/a.g.2.bc -f -phase syn-check 
INFO: [HLS 200-111] Finished Checking Synthesizability Time (s): cpu = 00:00:09 ; elapsed = 00:00:10 . Memory (MB): peak = 993.156 ; gain = 463.164 ; free physical = 1217 ; free virtual = 12632
INFO-FLOW: Compiler optimizing ...
INFO-FLOW: Share syncheck's 1.bc for syn flow: copy /home/cljchanac/Documents/lab4b/hls/matmult/unroll/.autopilot/db/a.g.1.bc to /home/cljchanac/Documents/lab4b/hls/matmult/unroll/.autopilot/db/a.o.1.bc
INFO-FLOW: Presyn 1...
Execute         transform -hls -tmp /home/cljchanac/Documents/lab4b/hls/matmult/unroll/.autopilot/db -interface-port-rename -type-info -function-uniquify -directive-preproc -mem2reg -dse -dce -disaggr -scalarrepl -norm-name -deadargelim -mem2reg -instcombine -dce -simplifycfg -auto-rom-infer -dce -function-uniquify -resource-proc -clib-intrinsic-prepare -dce -func-buffer -dce -pag -array-normalize -func-legal -instcombine -gvn -constprop -dce -simplifycfg -mem2reg -globaldce -resolve-double-ptr -dce -deadargelim -dce -instcombine -ptrArgReplace -mem2reg -dce -array-seg-normalize -deadargelim -instcombine -dce -pointer-simplify -dce -port-alignment -dce -interface-preproc -data-pack -instcombine -dce -basicaa -aggr-aa -aggrmodref-aa -aggr-aa -gvn -gvn -basicaa -aggr-aa -aggrmodref-aa -aggr-aa -dse -adse -adce -loop-simplify -indvars -instcombine -gvn -loop-simplify -mem2reg -dce -find-region -instcombine -auto-loop-pipeline -inst-simplify -interface-preproc -cfgopt -instcombine -indvars -auto-loop-unroll -loop-simplify -loop-bound -xunroll -constprop -instcombine -simplifycfg -indvars -simplifycfg -dce -globaldce -clean-region -attach-range -gvn -inst-simplify -constprop -simplifycfg -dce -pointer-simplify -dce -globalopt -constprop -dce -array-promote -constprop -dce -ptrArgReplace -mem2reg -simplifycfg -dce -auto-par -instcombine -dce -array-transform-check -array-reshape -instcombine -simplifycfg -dce -ptrArgReplace -deadargelim -mem2reg -instcombine -simplifycfg -dce -indvars -loop-simplify -loop-bound -xunroll -constprop -instcombine -simplifycfg -indvars -simplifycfg -dce -globaldce -basicaa -aggr-aa -aggrmodref-aa -aggr-aa -dse -duplicate-dataflow-processes -globaldce -instcombine -array-partition -instcombine -simplifycfg -dce -ptrArgReplace -global-constprop -deadargelim -mem2reg -func-legal -dce -global-constprop -deadargelim -mem2reg -simplifycfg -dce -merge-param -deadargelim -globalopt -constprop -dce -array-promote -constprop -dce -ptrArgReplace -mem2reg -simplifycfg -dce -mem-intrinsic-preproc -dce -global-internalize -global-privatize -mem2reg -globaldce -promote-global-argument -ptrArgReplace -mem2reg -dce -globalopt -mergereturn -simplify-global-access -mem2reg -dce -pointer-simplify -dce -functionattrs -basicaa -aggr-aa -aggrmodref-aa -aggr-aa -gvn -gvn -basicaa -aggr-aa -aggrmodref-aa -aggr-aa -dse -adse -adce -dce -norm-name -function-inline -complex-op-raise -inst-simplify -globaldce -func-inst -constprop -instcombine -simplifycfg -dce -func-legal -dce -loop-bound -arraycheck -bitwidthmin -on-by-dataflow -loop-delete -instcombine -simplifycfg -globaldce -dce -gvn -deadargelim -dce -loop-simplify -clean-region -simplifycfg -propagate-stable-arguments -loop-stream -instcombine -simplifycfg -dce -globaldce -duplicate-dataflow-processes -stream-intrinsic-preproc -dce -check-ap-stream -loop-simplify -eliminate-keepreads -extract-dataflow-in-loop -loop-simplify -dce -gvn -deadargelim -dse -check-dataflow-syntax -legalize-stream-variable -legalize-global -extract-subproc -dce -dead-channel-elimination -canonicalize-gep -globaldce -dce -gvn -deadargelim -annotate-dataflow-channels -scalar-propagation -deadargelim -globaldce -mem2reg -check-dataflow-channels -function-stream -dce -globaldce -prop-fifo-spec -internal-stream-gen -canonicalize-gep -globaldce -dce -gvn -deadargelim -mergereturn -indvars -loop-simplify -instcombine -array-stream -array-seg-normalize -array-partition -func-legal -instcombine -simplifycfg -dce -bundle-memfifo-ops -deadargelim -function-uniquify -directive-preproc -mem2reg -dse -dce -group-axi-access -licm -simplifycfg -dce -loop-delete -norm-name /home/cljchanac/Documents/lab4b/hls/matmult/unroll/.autopilot/db/a.o.1.bc -o /home/cljchanac/Documents/lab4b/hls/matmult/unroll/.autopilot/db/a.o.1.tmp.bc -f 
INFO: [HLS 200-489] Unrolling loop 'matmult_label0' (../../src_4b/matmult.c:13) in function 'matmult' completely with a factor of 16.
INFO-FLOW: Presyn 2...
Execute         transform -hls -keep-callgraph -scalarrepl -mem2reg -port-alignment -attach-range -dce -pipe-mux-gen -indvars -loop-bound -inst-simplify -instcombine -dce -merge-array-access -mem2reg -dce -clean-region -mergereturn -if-conv -instcombine -dce -constprop -basicaa -aggr-aa -aggrmodref-aa -aggr-aa -gvn -gvn -basicaa -aggr-aa -aggrmodref-aa -aggr-aa -dse -adse -adce -scalarrepl -mem2reg -global-constprop -deadargelim -deadargelim -instcombine -dce -simplifycfg -ptrArgReplace -mem2reg -function-inline -globaldce -mem2reg -instcombine -dce -expr-balance -instcombine -dce -bitwidthmin -interface-preproc -directive-preproc -inst-rectify -instcombine -dce -functionattrs -constprop -instcombine -bit-constprop -simplify-global-access -globalopt -globaldce -inst-simplify -instcombine -elimdeaddata -dce -loop-delete -simplifycfg -loop-simplify -auto-burst -norm-name /home/cljchanac/Documents/lab4b/hls/matmult/unroll/.autopilot/db/a.o.1.tmp.bc -o /home/cljchanac/Documents/lab4b/hls/matmult/unroll/.autopilot/db/a.o.2.bc -f -phase presyn 
INFO: [XFORM 203-11] Balancing expressions in function 'matmult' (../../src_4b/matmult.c:7)...15 expression(s) balanced.
INFO: [HLS 200-111] Finished Pre-synthesis Time (s): cpu = 00:00:09 ; elapsed = 00:00:10 . Memory (MB): peak = 993.156 ; gain = 463.164 ; free physical = 1203 ; free virtual = 12618
INFO-FLOW: Building ssdm...
Execute         transform -hls -function-uniquify -auto-function-inline -globaldce -ptrArgReplace -mem2reg -dce -reset-lda -loop-simplify -indvars -licm -loop-dep -loop-bound -licm -loop-simplify -flattenloopnest -array-flatten -gvn -instcombine -dce -array-map -dce -func-legal -gvn -adce -instcombine -cfgopt -simplifycfg -loop-simplify -array-burst -promote-global-argument -dce -ptrLegalization -axi4-lower -array-seg-normalize -basicaa -aggrmodref-aa -globalsmodref-aa -aggr-aa -gvn -gvn -basicaa -aggrmodref-aa -globalsmodref-aa -aggr-aa -dse -adse -adce -licm -inst-simplify -dce -globaldce -instcombine -array-stream -eliminate-keepreads -instcombine -dce -deadargelim -doublePtrSimplify -doublePtrElim -dce -doublePtrSimplify -promote-dbg-pointer -dce -scalarrepl -mem2reg -disaggr -norm-name -mem2reg -instcombine -dse -adse -adce -ptrLegalization -dce -auto-rom-infer -array-flatten -dce -instcombine -check-doubleptr -loop-rot -constprop -cfgopt -simplifycfg -loop-simplify -indvars -pointer-simplify -dce -loop-bound -loop-simplify -loop-preproc -constprop -global-constprop -gvn -mem2reg -instcombine -dce -loop-bound -loop-merge -dce -bitwidthmin -deadargelim -dce -canonicalize-dataflow -dce -scalar-propagation -deadargelim -globaldce -mem2reg -read-loop-dep -interface-preproc -directive-preproc -interface-gen -bram-byte-enable -deadargelim -inst-simplify -dce -gvn -mem2reg -instcombine -dce -adse -loop-bound -instcombine -cfgopt -simplifycfg -loop-simplify -clean-region -io-protocol -find-region -mem2reg -bitop-raise -complex-op-raise -inst-simplify -inst-rectify -instcombine -adce -deadargelim -loop-simplify -phi-opt -bitop-raise -cfgopt -simplifycfg -strip-dead-prototypes -interface-lower -bitop-lower -intrinsic-lower -auto-function-inline -basicaa -aggrmodref-aa -globalsmodref-aa -aggr-aa -inst-simplify -simplifycfg -loop-simplify -mergereturn -inst-simplify -inst-rectify -dce -load-elim -bitop-lower -loop-rewind -pointer-simplify -dce -cfgopt -dce -loop-bound -loop-dep -read-loop-dep -dce -check-stream -norm-name -legalize -validate-dataflow -inst-clarity -bitwidth -dump-loop-dep-to-ir -check-all-ssdm -cdfg-build /home/cljchanac/Documents/lab4b/hls/matmult/unroll/.autopilot/db/a.o.2.bc -o /home/cljchanac/Documents/lab4b/hls/matmult/unroll/.autopilot/db/a.o.3.bc -f -phase build-ssdm 
INFO: [HLS 200-111] Finished Architecture Synthesis Time (s): cpu = 00:00:09 ; elapsed = 00:00:10 . Memory (MB): peak = 993.156 ; gain = 463.164 ; free physical = 1203 ; free virtual = 12618
INFO-FLOW: Finish building internal data model.
Command       opt_and_import_c done; 1.05 sec.
Command     elaborate done; 7.2 sec.
Execute     autosyn -from_csynth_design=1 
INFO: [HLS 200-10] Starting hardware synthesis ...
INFO-FLOW: Synthesizing C/C++ design ...
INFO: [HLS 200-10] Synthesizing 'matmult' ...
Execute       ap_set_top_model matmult 
Execute       get_model_list matmult -filter all-wo-channel -topdown 
Execute       preproc_iomode -model matmult 
Execute       get_model_list matmult -filter all-wo-channel 
INFO-FLOW: Model list for configure: matmult
INFO-FLOW: Configuring Module : matmult ...
Execute       set_default_model matmult 
Execute       apply_spec_resource_limit matmult 
INFO-FLOW: Model list for preprocess: matmult
INFO-FLOW: Preprocessing Module: matmult ...
Execute       set_default_model matmult 
Execute       cdfg_preprocess -model matmult 
Execute       rtl_gen_preprocess matmult 
INFO-FLOW: Model list for synthesis: matmult
INFO: [HLS 200-10] ----------------------------------------------------------------
INFO: [HLS 200-42] -- Implementing module 'matmult' 
INFO: [HLS 200-10] ----------------------------------------------------------------
Execute       set_default_model matmult 
Execute       schedule -model matmult 
INFO: [SCHED 204-11] Starting scheduling ...
INFO: [SCHED 204-11] Finished scheduling.
Command       schedule done; 0.11 sec.
INFO: [HLS 200-111]  Elapsed time: 9.9 seconds; current allocated memory: 105.679 MB.
Execute       syn_report -verbosereport -o /home/cljchanac/Documents/lab4b/hls/matmult/unroll/.autopilot/db/matmult.verbose.sched.rpt 
Execute       db_write -o /home/cljchanac/Documents/lab4b/hls/matmult/unroll/.autopilot/db/matmult.sched.adb -f 
INFO-FLOW: Finish scheduling matmult.
Execute       set_default_model matmult 
Execute       bind -model matmult 
BIND OPTION: model=matmult
INFO: [BIND 205-100] Starting micro-architecture generation ...
INFO: [BIND 205-101] Performing variable lifetime analysis.
INFO: [BIND 205-101] Exploring resource sharing.
INFO: [BIND 205-101] Binding ...
INFO: [BIND 205-100] Finished micro-architecture generation.
INFO: [HLS 200-111]  Elapsed time: 0.14 seconds; current allocated memory: 106.457 MB.
Execute       syn_report -verbosereport -o /home/cljchanac/Documents/lab4b/hls/matmult/unroll/.autopilot/db/matmult.verbose.bind.rpt 
Command       syn_report done; 0.11 sec.
Execute       db_write -o /home/cljchanac/Documents/lab4b/hls/matmult/unroll/.autopilot/db/matmult.bind.adb -f 
INFO-FLOW: Finish binding matmult.
Execute       get_model_list matmult -filter all-wo-channel 
INFO-FLOW: Preprocessing for RTLGen ...
Execute       rtl_gen_preprocess matmult 
INFO-FLOW: Model list for RTL generation: matmult
INFO: [HLS 200-10] ----------------------------------------------------------------
INFO: [HLS 200-10] -- Generating RTL for module 'matmult' 
INFO: [HLS 200-10] ----------------------------------------------------------------
Execute       get_config_rtl -module_prefix 
Execute       get_config_rtl -module_auto_prefix 
Execute       create_rtl_model matmult -vendor xilinx -mg_file /home/cljchanac/Documents/lab4b/hls/matmult/unroll/.autopilot/db/matmult.compgen.tcl 
INFO: [RTGEN 206-500] Setting interface mode on port 'matmult/A' to 'ap_memory'.
INFO: [RTGEN 206-500] Setting interface mode on port 'matmult/B' to 'ap_memory'.
INFO: [RTGEN 206-500] Setting interface mode on port 'matmult/C' to 'ap_memory'.
INFO: [RTGEN 206-500] Setting interface mode on function 'matmult' to 'ap_ctrl_hs'.
INFO: [SYN 201-210] Renamed object name 'matmult_mul_mul_16s_16s_32_1_1' to 'matmult_mul_mul_1bkb' due to the length limit 20
INFO: [SYN 201-210] Renamed object name 'matmult_mac_muladd_16s_16s_32s_32_1_1' to 'matmult_mac_muladcud' due to the length limit 20
INFO: [RTGEN 206-100] Generating core module 'matmult_mac_muladcud': 8 instance(s).
INFO: [RTGEN 206-100] Generating core module 'matmult_mul_mul_1bkb': 8 instance(s).
INFO: [RTGEN 206-100] Finished creating RTL model for 'matmult'.
INFO: [HLS 200-111]  Elapsed time: 0.16 seconds; current allocated memory: 107.779 MB.
Execute       source /home/cljchanac/Documents/lab4b/hls/matmult/unroll/.autopilot/db/matmult.rtl_wrap.cfg.tcl 
Execute       gen_rtl matmult -istop -style xilinx -tracefl mytrace -tracefmt vcd -traceopt all -f -lang sc -o /home/cljchanac/Documents/lab4b/hls/matmult/unroll/syn/systemc/matmult -synmodules matmult 
Execute       gen_rtl matmult -istop -style xilinx -f -lang vhdl -o /home/cljchanac/Documents/lab4b/hls/matmult/unroll/syn/vhdl/matmult 
Execute       gen_rtl matmult -istop -style xilinx -f -lang vlog -o /home/cljchanac/Documents/lab4b/hls/matmult/unroll/syn/verilog/matmult 
Execute       syn_report -csynth -model matmult -o /home/cljchanac/Documents/lab4b/hls/matmult/unroll/syn/report/matmult_csynth.rpt 
Execute       syn_report -rtlxml -model matmult -o /home/cljchanac/Documents/lab4b/hls/matmult/unroll/syn/report/matmult_csynth.xml 
Execute       syn_report -verbosereport -model matmult -o /home/cljchanac/Documents/lab4b/hls/matmult/unroll/.autopilot/db/matmult.verbose.rpt 
Command       syn_report done; 0.13 sec.
Execute       db_write -model matmult -f -o /home/cljchanac/Documents/lab4b/hls/matmult/unroll/.autopilot/db/matmult.adb 
Execute       gen_tb_info matmult -p /home/cljchanac/Documents/lab4b/hls/matmult/unroll/.autopilot/db -o /home/cljchanac/Documents/lab4b/hls/matmult/unroll/.autopilot/db/matmult 
Execute       export_constraint_db -f -tool general -o /home/cljchanac/Documents/lab4b/hls/matmult/unroll/.autopilot/db/matmult.constraint.tcl 
Execute       syn_report -designview -model matmult -o /home/cljchanac/Documents/lab4b/hls/matmult/unroll/.autopilot/db/matmult.design.xml 
Execute       get_config_rtl -disable_wave_debug 
Execute       syn_report -wcfg -model matmult -o /home/cljchanac/Documents/lab4b/hls/matmult/unroll/.autopilot/db/matmult_dataflow_ana.wcfg 
Execute       syn_report -protoinst -model matmult -o /home/cljchanac/Documents/lab4b/hls/matmult/unroll/.autopilot/db/matmult.protoinst 
Execute       get_config_debug -directory 
Execute       sc_get_clocks matmult 
Execute       get_config_export -vivado_clock 
Execute       sc_get_portdomain matmult 
INFO-FLOW: Model list for RTL component generation: matmult
INFO-FLOW: Handling components in module [matmult] ... 
Execute       source /home/cljchanac/Documents/lab4b/hls/matmult/unroll/.autopilot/db/matmult.compgen.tcl 
INFO-FLOW: Found component matmult_mul_mul_1bkb.
INFO-FLOW: Append model matmult_mul_mul_1bkb
INFO-FLOW: Found component matmult_mac_muladcud.
INFO-FLOW: Append model matmult_mac_muladcud
INFO-FLOW: Append model matmult
INFO-FLOW: Generating RTL model list ...
INFO-FLOW: All models in this session: matmult_mul_mul_1bkb matmult_mac_muladcud matmult
INFO-FLOW: To file: write model matmult_mul_mul_1bkb
INFO-FLOW: To file: write model matmult_mac_muladcud
INFO-FLOW: To file: write model matmult
INFO-FLOW: Finished generating RTL model list.


INFO-FLOW: RTL Generation done.
INFO-FLOW: CAS Generation done.
INFO-FLOW: CBC Generation done.
Execute       syn_report -model matmult -printsummary 
INFO: [HLS 200-790] **** Loop Constraint Status: All loop constraints were satisfied.
INFO: [HLS 200-789] **** Estimated Fmax: 117.23 MHz
INFO-FLOW: DBG:CMD: auto_generate_csynth_design
INFO-FLOW: DBG:CMD:     auto_generate --sim-model -phase csynth_design -d /home/cljchanac/Documents/lab4b/hls/matmult/unroll
Execute       source /home/cljchanac/Documents/lab4b/hls/matmult/unroll/.autopilot/db/global.setting.tcl 
INFO-FLOW: DBG:CMD: read_platform_lib /home/cljchanac/Documents/lab4b/hls/matmult/unroll/.autopilot/db/global.setting.tcl
Execute       source /tools/Xilinx/Vivado/2019.2/common/technology/generic/autopilot/common.gen 
Execute         source /tools/Xilinx/Vivado/2019.2/common/technology/generic/autopilot/APCoreGen.gen 
Execute       source /tools/Xilinx/Vivado/2019.2/common/technology/generic/autopilot/op.gen 
Execute       source /tools/Xilinx/Vivado/2019.2/common/technology/generic/autopilot/op_simcore.gen 
Execute       source /tools/Xilinx/Vivado/2019.2/common/technology/generic/autopilot/interface.gen 
Execute       source /home/cljchanac/Documents/lab4b/hls/matmult/unroll/.autopilot/db/global.setting.tcl 
Execute       source /tools/Xilinx/Vivado/2019.2/common/technology/xilinx/artix7/artix7.gen 
Execute         source /tools/Xilinx/Vivado/2019.2/common/technology/xilinx/common/xilinx.gen 
Execute           source /tools/Xilinx/Vivado/2019.2/common/technology/xilinx/interface/plb46.gen 
Execute           source /tools/Xilinx/Vivado/2019.2/common/technology/xilinx/interface/fsl.gen 
Execute           source /tools/Xilinx/Vivado/2019.2/common/technology/xilinx/interface/axi4.gen 
Execute           source /tools/Xilinx/Vivado/2019.2/common/technology/xilinx/interface/nativeAXI4.gen 
Execute             source /tools/Xilinx/Vivado/2019.2/common/technology/xilinx/interface/saxilite.gen 
Execute             source /tools/Xilinx/Vivado/2019.2/common/technology/xilinx/interface/maxi.gen 
Execute           source /tools/Xilinx/Vivado/2019.2/common/technology/xilinx/scripts/xilinxcoregen.gen 
Execute           source /tools/Xilinx/Vivado/2019.2/common/technology/xilinx/interface/XilEDKCoreGen.gen 
Execute           source /tools/Xilinx/Vivado/2019.2/common/technology/xilinx/ip/dds_compiler.gen 
Execute           source /tools/Xilinx/Vivado/2019.2/common/technology/xilinx/ip/util.gen 
Execute           source /tools/Xilinx/Vivado/2019.2/common/technology/xilinx/ip/xfft.gen 
Execute           source /tools/Xilinx/Vivado/2019.2/common/technology/xilinx/ip/xfir.gen 
Execute           source /tools/Xilinx/Vivado/2019.2/common/technology/xilinx/common/dsp48.gen 
Execute       source /tools/Xilinx/Vivado/2019.2/common/technology/xilinx/artix7/artix7_fpv6.gen 
Execute         source /tools/Xilinx/Vivado/2019.2/common/technology/xilinx/common/xilinx_fp.gen 
INFO-FLOW: DBG:CMD:   using AESL_AUTOCG::g_clock_period=10.000 (was NA)
INFO-FLOW: DBG:CMD:       generate_ip_cores sim=1 export=0 expOnly=0 dstVlogDir=syn/verilog
Execute       source /home/cljchanac/Documents/lab4b/hls/matmult/unroll/.autopilot/db/global.setting.tcl 
Execute       ap_part_info -name xq7a200t-rs484-2I -data names -quiet 
Execute       ap_part_info -name xq7a200t-rs484-2I -data info -quiet 
Execute       source /home/cljchanac/Documents/lab4b/hls/matmult/unroll/.autopilot/db/global.setting.tcl 
Execute       source /home/cljchanac/Documents/lab4b/hls/matmult/unroll/.autopilot/db/global.setting.tcl 
Execute       source /home/cljchanac/Documents/lab4b/hls/matmult/unroll/.autopilot/db/matmult.compgen.tcl 
Execute         ap_part_info -name xq7a200t-rs484-2I -data names -quiet 
Execute         ap_part_info -name xq7a200t-rs484-2I -data info -quiet 
Execute         ap_part_info -name xq7a200t-rs484-2I -data names -quiet 
Execute         ap_part_info -name xq7a200t-rs484-2I -data info -quiet 
Execute         ap_part_info -name xq7a200t-rs484-2I -data info 
INFO-FLOW: DBG:CMD:     auto_generate -export -impltomg_flag -rtl both -tool Vivado -pcore_version 1.00.a -phase csynth_design -d /home/cljchanac/Documents/lab4b/hls/matmult/unroll
Execute       source /home/cljchanac/Documents/lab4b/hls/matmult/unroll/.autopilot/db/global.setting.tcl 
INFO-FLOW: DBG:CMD: read_platform_lib /home/cljchanac/Documents/lab4b/hls/matmult/unroll/.autopilot/db/global.setting.tcl
Execute       source /tools/Xilinx/Vivado/2019.2/common/technology/generic/autopilot/common.gen 
Execute         source /tools/Xilinx/Vivado/2019.2/common/technology/generic/autopilot/APCoreGen.gen 
Execute       source /tools/Xilinx/Vivado/2019.2/common/technology/generic/autopilot/op.gen 
Execute       source /tools/Xilinx/Vivado/2019.2/common/technology/generic/autopilot/op_simcore.gen 
Execute       source /tools/Xilinx/Vivado/2019.2/common/technology/generic/autopilot/interface.gen 
Execute       source /home/cljchanac/Documents/lab4b/hls/matmult/unroll/.autopilot/db/global.setting.tcl 
Execute       source /tools/Xilinx/Vivado/2019.2/common/technology/xilinx/artix7/artix7.gen 
Execute         source /tools/Xilinx/Vivado/2019.2/common/technology/xilinx/common/xilinx.gen 
Execute           source /tools/Xilinx/Vivado/2019.2/common/technology/xilinx/interface/plb46.gen 
Execute           source /tools/Xilinx/Vivado/2019.2/common/technology/xilinx/interface/fsl.gen 
Execute           source /tools/Xilinx/Vivado/2019.2/common/technology/xilinx/interface/axi4.gen 
Execute           source /tools/Xilinx/Vivado/2019.2/common/technology/xilinx/interface/nativeAXI4.gen 
Execute             source /tools/Xilinx/Vivado/2019.2/common/technology/xilinx/interface/saxilite.gen 
Execute             source /tools/Xilinx/Vivado/2019.2/common/technology/xilinx/interface/maxi.gen 
Execute           source /tools/Xilinx/Vivado/2019.2/common/technology/xilinx/scripts/xilinxcoregen.gen 
Execute           source /tools/Xilinx/Vivado/2019.2/common/technology/xilinx/interface/XilEDKCoreGen.gen 
Execute           source /tools/Xilinx/Vivado/2019.2/common/technology/xilinx/ip/dds_compiler.gen 
Execute           source /tools/Xilinx/Vivado/2019.2/common/technology/xilinx/ip/util.gen 
Execute           source /tools/Xilinx/Vivado/2019.2/common/technology/xilinx/ip/xfft.gen 
Execute           source /tools/Xilinx/Vivado/2019.2/common/technology/xilinx/ip/xfir.gen 
Execute           source /tools/Xilinx/Vivado/2019.2/common/technology/xilinx/common/dsp48.gen 
Execute       source /tools/Xilinx/Vivado/2019.2/common/technology/xilinx/artix7/artix7_fpv6.gen 
Execute         source /tools/Xilinx/Vivado/2019.2/common/technology/xilinx/common/xilinx_fp.gen 
INFO-FLOW: DBG:CMD:       initCTypeInfo top_module=matmult xml_exists=0
Execute       source /home/cljchanac/Documents/lab4b/hls/matmult/unroll/.autopilot/db/matmult.rtl_wrap.cfg.tcl 
Execute       source /home/cljchanac/Documents/lab4b/hls/matmult/unroll/.autopilot/db/matmult.rtl_wrap.cfg.tcl 
Execute       source /home/cljchanac/Documents/lab4b/hls/matmult/unroll/.autopilot/db/matmult.rtl_wrap.cfg.tcl 
Execute       source /home/cljchanac/Documents/lab4b/hls/matmult/unroll/.autopilot/db/matmult.tbgen.tcl 
Execute       source /home/cljchanac/Documents/lab4b/hls/matmult/unroll/.autopilot/db/matmult.tbgen.tcl 
INFO-FLOW: DBG:CMD:       export_impl_rtl
INFO-FLOW: DBG:CMD:       generate_ip_cores sim=0 export=0 expOnly=0 dstVlogDir=impl/.verilog
Execute       source /home/cljchanac/Documents/lab4b/hls/matmult/unroll/.autopilot/db/global.setting.tcl 
Execute       source /home/cljchanac/Documents/lab4b/hls/matmult/unroll/.autopilot/db/matmult.compgen.tcl 
INFO-FLOW: DBG:CMD:       generate_ip_cores sim=0 export=1 expOnly=1 dstVlogDir=impl/.pcores/verilog
Execute       source /home/cljchanac/Documents/lab4b/hls/matmult/unroll/.autopilot/db/global.setting.tcl 
Execute       source /home/cljchanac/Documents/lab4b/hls/matmult/unroll/.autopilot/db/matmult.compgen.tcl 
Execute         ap_part_info -name xq7a200t-rs484-2I -data names -quiet 
Execute         ap_part_info -name xq7a200t-rs484-2I -data info -quiet 
Execute         ap_part_info -name xq7a200t-rs484-2I -data names -quiet 
Execute         ap_part_info -name xq7a200t-rs484-2I -data info -quiet 
Execute         source /home/cljchanac/Documents/lab4b/hls/matmult/unroll/.autopilot/db/matmult.tbgen.tcl 
Execute         source /home/cljchanac/Documents/lab4b/hls/matmult/unroll/.autopilot/db/matmult.tbgen.tcl 
Execute         source /home/cljchanac/Documents/lab4b/hls/matmult/unroll/.autopilot/db/matmult.tbgen.tcl 
Execute         ap_part_info -name xq7a200t-rs484-2I -data names -quiet 
Execute         ap_part_info -name xq7a200t-rs484-2I -data info -quiet 
Execute         ap_part_info -name xq7a200t-rs484-2I -data names -quiet 
Execute         ap_part_info -name xq7a200t-rs484-2I -data info -quiet 
Execute         ap_part_info -name xq7a200t-rs484-2I -data names -quiet 
Execute         ap_part_info -name xq7a200t-rs484-2I -data info -quiet 
Execute         ap_part_info -name xq7a200t-rs484-2I -data names -quiet 
Execute         ap_part_info -name xq7a200t-rs484-2I -data info -quiet 
Execute         ap_part_info -name xq7a200t-rs484-2I -data names -quiet 
Execute         ap_part_info -name xq7a200t-rs484-2I -data info -quiet 
Command       ap_source done; 0.11 sec.
Execute       ap_part_info -name xq7a200t-rs484-2I -data names -quiet 
Execute       ap_part_info -name xq7a200t-rs484-2I -data info -quiet 
INFO-FLOW: DBG:CMD:       generate_ip_cores sim=0 export=0 expOnly=0 dstVlogDir=impl/.pcores/verilog_sim
Execute       source /home/cljchanac/Documents/lab4b/hls/matmult/unroll/.autopilot/db/global.setting.tcl 
Execute       source /home/cljchanac/Documents/lab4b/hls/matmult/unroll/.autopilot/db/matmult.compgen.tcl 
Execute       ap_part_info -name xq7a200t-rs484-2I -data names -quiet 
Execute       ap_part_info -name xq7a200t-rs484-2I -data info -quiet 
Execute       ap_part_info -name xq7a200t-rs484-2I -data names -quiet 
Execute       ap_part_info -name xq7a200t-rs484-2I -data info -quiet 
Execute       source /home/cljchanac/Documents/lab4b/hls/matmult/unroll/.autopilot/db/global.setting.tcl 
Execute       ap_part_info -name xq7a200t-rs484-2I -data names -quiet 
Execute       ap_part_info -name xq7a200t-rs484-2I -data info -quiet 
Execute       source /home/cljchanac/Documents/lab4b/hls/matmult/unroll/.autopilot/db/matmult.constraint.tcl 
Execute       source /home/cljchanac/Documents/lab4b/hls/matmult/unroll/.autopilot/db/matmult.tbgen.tcl 
INFO-FLOW: DBG:CMD:       hasPcoreIpAdapter=false #gSsdmPorts=8
INFO-FLOW: DBG:CMD: Skipping loadAnalyze_DB, #g_database=3
INFO-FLOW: DBG:CMD:       generate_json is_phase_csynth=1 g_has_adaptors=false generate_bd_files=0 #modelList=3 #gSsdmPorts=8
Execute       source /tools/Xilinx/Vivado/2019.2/tps/tcl/tcllib1.11.1/fileutil/fileutil.tcl 
Execute       source /home/cljchanac/Documents/lab4b/hls/matmult/unroll/.autopilot/db/global.setting.tcl 
Execute       source /home/cljchanac/Documents/lab4b/hls/matmult/unroll/.autopilot/db/global.setting.tcl 
Execute       get_config_export -xo 
Execute       source /home/cljchanac/Documents/lab4b/hls/matmult/unroll/.autopilot/db/matmult.tbgen.tcl 
Execute       source /home/cljchanac/Documents/lab4b/hls/matmult/unroll/.autopilot/db/matmult.tbgen.tcl 
Execute       source /home/cljchanac/Documents/lab4b/hls/matmult/unroll/.autopilot/db/matmult.tbgen.tcl 
Execute       source /home/cljchanac/Documents/lab4b/hls/matmult/unroll/.autopilot/db/global.setting.tcl 
Execute       get_config_sdx -target 
Execute       source /home/cljchanac/Documents/lab4b/hls/matmult/unroll/.autopilot/db/matmult.rtl_wrap.cfg.tcl 
Execute       source /home/cljchanac/Documents/lab4b/hls/matmult/unroll/.autopilot/db/matmult.compgen.dataonly.tcl 
Execute       source /home/cljchanac/Documents/lab4b/hls/matmult/unroll/.autopilot/db/global.setting.tcl 
Execute       ap_part_info -name xq7a200t-rs484-2I -data names -quiet 
Execute       ap_part_info -name xq7a200t-rs484-2I -data info -quiet 
Execute       source /home/cljchanac/Documents/lab4b/hls/matmult/unroll/.autopilot/db/matmult.constraint.tcl 
Execute       sc_get_clocks matmult 
Execute       ap_part_info -name xq7a200t-rs484-2I -data names -quiet 
Execute       ap_part_info -name xq7a200t-rs484-2I -data info -quiet 
Execute       source /home/cljchanac/Documents/lab4b/hls/matmult/unroll/.autopilot/db/global.setting.tcl 
Execute       get_config_debug -directory 
Execute       source /home/cljchanac/Documents/lab4b/hls/matmult/unroll/.autopilot/db/matmult.tbgen.tcl 
Execute       get_config_sdx -target 
Execute       get_config_sdx -profile 
Execute       get_config_rtl -kernel_profile 
Execute       get_config_rtl -stall_sig_gen 
Execute       get_config_rtl -profile 
INFO-FLOW: DBG:CMD: add_json_sdx_info kernel file does not exist, skipping opencl info: /home/cljchanac/Documents/lab4b/hls/matmult/unroll/.autopilot/db/kernel.internal.xml
INFO-FLOW: DBG:CMD:       delete-temp-dirs (skipped for debug)
INFO: [HLS 200-111] Finished generating all RTL models Time (s): cpu = 00:00:10 ; elapsed = 00:00:11 . Memory (MB): peak = 993.156 ; gain = 463.164 ; free physical = 1193 ; free virtual = 12611
INFO: [VHDL 208-304] Generating VHDL RTL for matmult.
INFO: [VLOG 209-307] Generating Verilog RTL for matmult.
Command     autosyn done; 1.36 sec.
Command   csynth_design done; 8.57 sec.
Command ap_source done; 10.98 sec.
Execute cleanup_all 
