Running: C:\Xilinx\14.7\ISE_DS\ISE\bin\nt64\unwrapped\fuse.exe -intstyle ise -incremental -lib unisims_ver -lib unimacro_ver -lib xilinxcorelib_ver -lib secureip -o C:/Users/cljchanac/Desktop/lab4a/lab4a/matmult_top_isim_beh.exe -prj C:/Users/cljchanac/Desktop/lab4a/lab4a/matmult_top_beh.prj work.matmult_top work.glbl 
ISim P.20131013 (signature 0x7708f090)
Number of CPUs detected in this system: 4
Turning on mult-threading, number of parallel sub-compilation jobs: 8 
Determining compilation order of HDL files
Analyzing Verilog file "C:/Users/cljchanac/Desktop/lab4a/lab4a/../src_4a/matmult_kernel.v" into library work
Analyzing Verilog file "C:/Users/cljchanac/Desktop/lab4a/lab4a/ipcore_dir/Output_RAM.v" into library work
Analyzing Verilog file "C:/Users/cljchanac/Desktop/lab4a/lab4a/ipcore_dir/Input_RAM_B.v" into library work
Analyzing Verilog file "C:/Users/cljchanac/Desktop/lab4a/lab4a/ipcore_dir/Input_RAM_A.v" into library work
Analyzing Verilog file "C:/Users/cljchanac/Desktop/lab4a/lab4a/../src_4a/matmult_top.v" into library work
Analyzing Verilog file "C:/Xilinx/14.7/ISE_DS/ISE//verilog/src/glbl.v" into library work
Starting static elaboration
Completed static elaboration
Compiling module BLK_MEM_GEN_V7_3_output_stage(C_...
Compiling module BLK_MEM_GEN_V7_3_output_stage(C_...
Compiling module BLK_MEM_GEN_V7_3_softecc_output_...
Compiling module BLK_MEM_GEN_V7_3_mem_module(C_CO...
Compiling module BLK_MEM_GEN_V7_3(C_FAMILY="virte...
Compiling module Input_RAM_A
Compiling module BLK_MEM_GEN_V7_3_mem_module(C_CO...
Compiling module BLK_MEM_GEN_V7_3(C_FAMILY="virte...
Compiling module Input_RAM_B
Compiling module BLK_MEM_GEN_V7_3_output_stage(C_...
Compiling module BLK_MEM_GEN_V7_3_softecc_output_...
Compiling module BLK_MEM_GEN_V7_3_mem_module(C_CO...
Compiling module BLK_MEM_GEN_V7_3(C_FAMILY="virte...
Compiling module Output_RAM
Compiling module matmult_kernel
Compiling module matmult_top
Compiling module glbl
Time Resolution for simulation is 1ps.
Waiting for 10 sub-compilation(s) to finish...
Compiled 17 Verilog Units
Built simulation executable C:/Users/cljchanac/Desktop/lab4a/lab4a/matmult_top_isim_beh.exe
Fuse Memory Usage: 33960 KB
Fuse CPU Usage: 717 ms
