Release 14.7 Map P.20131013 (nt64)
Xilinx Mapping Report File for Design 'matmult_top'

Design Information
------------------
Command Line   : map -intstyle ise -p xc5vlx110t-ff1136-1 -w -logic_opt off -ol
high -t 1 -register_duplication off -global_opt off -mt off -cm area -ir off -pr
off -lc off -power off -o matmult_top_map.ncd matmult_top.ngd matmult_top.pcf 
Target Device  : xc5vlx110t
Target Package : ff1136
Target Speed   : -1
Mapper Version : virtex5 -- $Revision: 1.55 $
Mapped Date    : Mon Nov 25 19:19:19 2019

Design Summary
--------------
Number of errors:      0
Number of warnings:    0
Slice Logic Utilization:
  Number of Slice Registers:                   119 out of  69,120    1%
    Number used as Flip Flops:                 119
  Number of Slice LUTs:                        122 out of  69,120    1%
    Number used as logic:                      121 out of  69,120    1%
      Number using O6 output only:             109
      Number using O5 output only:               7
      Number using O5 and O6:                    5
    Number used as exclusive route-thru:         1
  Number of route-thrus:                         8
    Number using O6 output only:                 8

Slice Logic Distribution:
  Number of occupied Slices:                    37 out of  17,280    1%
  Number of LUT Flip Flop pairs used:          130
    Number with an unused Flip Flop:            11 out of     130    8%
    Number with an unused LUT:                   8 out of     130    6%
    Number of fully used LUT-FF pairs:         111 out of     130   85%
    Number of unique control sets:               4
    Number of slice register sites lost
      to control set restrictions:               9 out of  69,120    1%

  A LUT Flip Flop pair for this architecture represents one LUT paired with
  one Flip Flop within a slice.  A control set is a unique combination of
  clock, reset, set, and enable signals for a registered element.
  The Slice Logic Distribution report is not meaningful if the design is
  over-mapped for a non-slice resource or if Placement fails.
  OVERMAPPING of BRAM resources should be ignored if the design is
  over-mapped for a non-BRAM resource or if placement fails.

IO Utilization:
  Number of bonded IOBs:                        42 out of     640    6%

Specific Feature Utilization:
  Number of BlockRAM/FIFO:                      18 out of     148   12%
    Number using BlockRAM only:                 18
    Total primitives used:
      Number of 18k BlockRAM used:              33
    Total Memory used (KB):                    594 out of   5,328   11%
  Number of BUFG/BUFGCTRLs:                      1 out of      32    3%
    Number used as BUFGs:                        1
  Number of DSP48Es:                            20 out of      64   31%

Average Fanout of Non-Clock Nets:                1.44

Peak Memory Usage:  652 MB
Total REAL time to MAP completion:  25 secs 
Total CPU time to MAP completion:   25 secs 

Table of Contents
-----------------
Section 1 - Errors
Section 2 - Warnings
Section 3 - Informational
Section 4 - Removed Logic Summary
Section 5 - Removed Logic
Section 6 - IOB Properties
Section 7 - RPMs
Section 8 - Guide Report
Section 9 - Area Group and Partition Summary
Section 10 - Timing Report
Section 11 - Configuration String Information
Section 12 - Control Set Information
Section 13 - Utilization by Hierarchy

Section 1 - Errors
------------------

Section 2 - Warnings
--------------------
WARNING:Security:43 - No license file was found in the standard Xilinx license
directory.
WARNING:Security:44 - Since no license file was found,
WARNING:Security:42 - Your software subscription period has lapsed. Your current
version of Xilinx tools will continue to function, but you no longer qualify for
Xilinx software updates or new releases.

Section 3 - Informational
-------------------------
INFO:Security:50 - The XILINXD_LICENSE_FILE environment variable is set to
'2100@eels.ece.ust.hk'.
INFO:Security:52 - The LM_LICENSE_FILE environment variable is set to
'27031@eels.ece.ust.hk'.
INFO:Security:56 - Part 'xc5vlx110t' is not a WebPack part.
INFO:MapLib:562 - No environment variables are currently set.
INFO:LIT:244 - All of the single ended outputs in this design are using slew
   rate limited output drivers. The delay on speed critical single ended outputs
   can be dramatically reduced by designating them as fast outputs.
INFO:Pack:1716 - Initializing temperature to 85.000 Celsius. (default - Range:
   0.000 to 85.000 Celsius)
INFO:Pack:1720 - Initializing voltage to 0.950 Volts. (default - Range: 0.950 to
   1.050 Volts)
INFO:Map:215 - The Interim Design Summary has been generated in the MAP Report
   (.mrp).
INFO:Pack:1650 - Map created a placed design.

Section 4 - Removed Logic Summary
---------------------------------
  68 block(s) optimized away

Section 5 - Removed Logic
-------------------------

Optimized Block(s):
TYPE 		BLOCK
GND 		A_ram[0].A_column/XST_GND
VCC 		A_ram[0].A_column/XST_VCC
GND 		A_ram[10].A_column/XST_GND
VCC 		A_ram[10].A_column/XST_VCC
GND 		A_ram[11].A_column/XST_GND
VCC 		A_ram[11].A_column/XST_VCC
GND 		A_ram[12].A_column/XST_GND
VCC 		A_ram[12].A_column/XST_VCC
GND 		A_ram[13].A_column/XST_GND
VCC 		A_ram[13].A_column/XST_VCC
GND 		A_ram[14].A_column/XST_GND
VCC 		A_ram[14].A_column/XST_VCC
GND 		A_ram[15].A_column/XST_GND
VCC 		A_ram[15].A_column/XST_VCC
GND 		A_ram[1].A_column/XST_GND
VCC 		A_ram[1].A_column/XST_VCC
GND 		A_ram[2].A_column/XST_GND
VCC 		A_ram[2].A_column/XST_VCC
GND 		A_ram[3].A_column/XST_GND
VCC 		A_ram[3].A_column/XST_VCC
GND 		A_ram[4].A_column/XST_GND
VCC 		A_ram[4].A_column/XST_VCC
GND 		A_ram[5].A_column/XST_GND
VCC 		A_ram[5].A_column/XST_VCC
GND 		A_ram[6].A_column/XST_GND
VCC 		A_ram[6].A_column/XST_VCC
GND 		A_ram[7].A_column/XST_GND
VCC 		A_ram[7].A_column/XST_VCC
GND 		A_ram[8].A_column/XST_GND
VCC 		A_ram[8].A_column/XST_VCC
GND 		A_ram[9].A_column/XST_GND
VCC 		A_ram[9].A_column/XST_VCC
GND 		B_ram[0].B_row/XST_GND
VCC 		B_ram[0].B_row/XST_VCC
GND 		B_ram[10].B_row/XST_GND
VCC 		B_ram[10].B_row/XST_VCC
GND 		B_ram[11].B_row/XST_GND
VCC 		B_ram[11].B_row/XST_VCC
GND 		B_ram[12].B_row/XST_GND
VCC 		B_ram[12].B_row/XST_VCC
GND 		B_ram[13].B_row/XST_GND
VCC 		B_ram[13].B_row/XST_VCC
GND 		B_ram[14].B_row/XST_GND
VCC 		B_ram[14].B_row/XST_VCC
GND 		B_ram[15].B_row/XST_GND
VCC 		B_ram[15].B_row/XST_VCC
GND 		B_ram[1].B_row/XST_GND
VCC 		B_ram[1].B_row/XST_VCC
GND 		B_ram[2].B_row/XST_GND
VCC 		B_ram[2].B_row/XST_VCC
GND 		B_ram[3].B_row/XST_GND
VCC 		B_ram[3].B_row/XST_VCC
GND 		B_ram[4].B_row/XST_GND
VCC 		B_ram[4].B_row/XST_VCC
GND 		B_ram[5].B_row/XST_GND
VCC 		B_ram[5].B_row/XST_VCC
GND 		B_ram[6].B_row/XST_GND
VCC 		B_ram[6].B_row/XST_VCC
GND 		B_ram[7].B_row/XST_GND
VCC 		B_ram[7].B_row/XST_VCC
GND 		B_ram[8].B_row/XST_GND
VCC 		B_ram[8].B_row/XST_VCC
GND 		B_ram[9].B_row/XST_GND
VCC 		B_ram[9].B_row/XST_VCC
GND 		C_ram/XST_GND
VCC 		C_ram/XST_VCC
GND 		XST_GND
VCC 		XST_VCC

To enable printing of redundant blocks removed and signals merged, set the
detailed map report option and rerun map.

Section 6 - IOB Properties
--------------------------

+---------------------------------------------------------------------------------------------------------------------------------------------------------+
| IOB Name                           | Type             | Direction | IO Standard          | Diff  | Drive    | Slew | Reg (s)      | Resistor | IOB      |
|                                    |                  |           |                      | Term  | Strength | Rate |              |          | Delay    |
+---------------------------------------------------------------------------------------------------------------------------------------------------------+
| Clk                                | IOB              | INPUT     | LVCMOS25             |       |          |      |              |          |          |
| Result<0>                          | IOB              | OUTPUT    | LVCMOS25             |       | 12       | SLOW |              |          |          |
| Result<1>                          | IOB              | OUTPUT    | LVCMOS25             |       | 12       | SLOW |              |          |          |
| Result<2>                          | IOB              | OUTPUT    | LVCMOS25             |       | 12       | SLOW |              |          |          |
| Result<3>                          | IOB              | OUTPUT    | LVCMOS25             |       | 12       | SLOW |              |          |          |
| Result<4>                          | IOB              | OUTPUT    | LVCMOS25             |       | 12       | SLOW |              |          |          |
| Result<5>                          | IOB              | OUTPUT    | LVCMOS25             |       | 12       | SLOW |              |          |          |
| Result<6>                          | IOB              | OUTPUT    | LVCMOS25             |       | 12       | SLOW |              |          |          |
| Result<7>                          | IOB              | OUTPUT    | LVCMOS25             |       | 12       | SLOW |              |          |          |
| Result<8>                          | IOB              | OUTPUT    | LVCMOS25             |       | 12       | SLOW |              |          |          |
| Result<9>                          | IOB              | OUTPUT    | LVCMOS25             |       | 12       | SLOW |              |          |          |
| Result<10>                         | IOB              | OUTPUT    | LVCMOS25             |       | 12       | SLOW |              |          |          |
| Result<11>                         | IOB              | OUTPUT    | LVCMOS25             |       | 12       | SLOW |              |          |          |
| Result<12>                         | IOB              | OUTPUT    | LVCMOS25             |       | 12       | SLOW |              |          |          |
| Result<13>                         | IOB              | OUTPUT    | LVCMOS25             |       | 12       | SLOW |              |          |          |
| Result<14>                         | IOB              | OUTPUT    | LVCMOS25             |       | 12       | SLOW |              |          |          |
| Result<15>                         | IOB              | OUTPUT    | LVCMOS25             |       | 12       | SLOW |              |          |          |
| Result<16>                         | IOB              | OUTPUT    | LVCMOS25             |       | 12       | SLOW |              |          |          |
| Result<17>                         | IOB              | OUTPUT    | LVCMOS25             |       | 12       | SLOW |              |          |          |
| Result<18>                         | IOB              | OUTPUT    | LVCMOS25             |       | 12       | SLOW |              |          |          |
| Result<19>                         | IOB              | OUTPUT    | LVCMOS25             |       | 12       | SLOW |              |          |          |
| Result<20>                         | IOB              | OUTPUT    | LVCMOS25             |       | 12       | SLOW |              |          |          |
| Result<21>                         | IOB              | OUTPUT    | LVCMOS25             |       | 12       | SLOW |              |          |          |
| Result<22>                         | IOB              | OUTPUT    | LVCMOS25             |       | 12       | SLOW |              |          |          |
| Result<23>                         | IOB              | OUTPUT    | LVCMOS25             |       | 12       | SLOW |              |          |          |
| Result<24>                         | IOB              | OUTPUT    | LVCMOS25             |       | 12       | SLOW |              |          |          |
| Result<25>                         | IOB              | OUTPUT    | LVCMOS25             |       | 12       | SLOW |              |          |          |
| Result<26>                         | IOB              | OUTPUT    | LVCMOS25             |       | 12       | SLOW |              |          |          |
| Result<27>                         | IOB              | OUTPUT    | LVCMOS25             |       | 12       | SLOW |              |          |          |
| Result<28>                         | IOB              | OUTPUT    | LVCMOS25             |       | 12       | SLOW |              |          |          |
| Result<29>                         | IOB              | OUTPUT    | LVCMOS25             |       | 12       | SLOW |              |          |          |
| Result<30>                         | IOB              | OUTPUT    | LVCMOS25             |       | 12       | SLOW |              |          |          |
| Result<31>                         | IOB              | OUTPUT    | LVCMOS25             |       | 12       | SLOW |              |          |          |
| Result_addr<0>                     | IOB              | INPUT     | LVCMOS25             |       |          |      |              |          |          |
| Result_addr<1>                     | IOB              | INPUT     | LVCMOS25             |       |          |      |              |          |          |
| Result_addr<2>                     | IOB              | INPUT     | LVCMOS25             |       |          |      |              |          |          |
| Result_addr<3>                     | IOB              | INPUT     | LVCMOS25             |       |          |      |              |          |          |
| Result_addr<4>                     | IOB              | INPUT     | LVCMOS25             |       |          |      |              |          |          |
| Result_addr<5>                     | IOB              | INPUT     | LVCMOS25             |       |          |      |              |          |          |
| Result_addr<6>                     | IOB              | INPUT     | LVCMOS25             |       |          |      |              |          |          |
| Result_addr<7>                     | IOB              | INPUT     | LVCMOS25             |       |          |      |              |          |          |
| Start                              | IOB              | INPUT     | LVCMOS25             |       |          |      |              |          |          |
+---------------------------------------------------------------------------------------------------------------------------------------------------------+

Section 7 - RPMs
----------------

Section 8 - Guide Report
------------------------
Guide not run on this design.

Section 9 - Area Group and Partition Summary
--------------------------------------------

Partition Implementation Status
-------------------------------

  No Partitions were found in this design.

-------------------------------

Area Group Information
----------------------

  No area groups were found in this design.

----------------------

Section 10 - Timing Report
--------------------------
A logic-level (pre-route) timing report can be generated by using Xilinx static
timing analysis tools, Timing Analyzer (GUI) or TRCE (command line), with the
mapped NCD and PCF files. Please note that this timing report will be generated
using estimated delay information. For accurate numbers, please generate a
timing report with the post Place and Route NCD file.

For more information about the Timing Analyzer, consult the Xilinx Timing
Analyzer Reference Manual; for more information about TRCE, consult the Xilinx
Command Line Tools User Guide "TRACE" chapter.

Section 11 - Configuration String Details
-----------------------------------------
Use the "-detail" map option to print out Configuration Strings

Section 12 - Control Set Information
------------------------------------
Use the "-detail" map option to print out Control Set Information.

Section 13 - Utilization by Hierarchy
-------------------------------------
Use the "-detail" map option to print out the Utilization by Hierarchy section.
